<?xml version="1.0" encoding="UTF-8"?>
<!-- Generated by org.testng.reporters.JUnitReportReporter -->
<testsuite skipped="0" hostname="RAJAT-GUPTA" name="MagentoTest" tests="1" failures="0" timestamp="21 Jan 2019 10:18:00 GMT" time="184.484" errors="0">
  <testcase name="magento" time="184.484" classname="MagentoTest"/>
</testsuite> <!-- MagentoTest -->
